mode: set
github.com/my/repo/servers/gateway/models/users/user.go:56.37,60.25 2 1
github.com/my/repo/servers/gateway/models/users/user.go:65.2,65.26 1 1
github.com/my/repo/servers/gateway/models/users/user.go:69.2,69.36 1 1
github.com/my/repo/servers/gateway/models/users/user.go:74.2,75.16 2 1
github.com/my/repo/servers/gateway/models/users/user.go:80.2,80.47 1 1
github.com/my/repo/servers/gateway/models/users/user.go:83.2,83.12 1 1
github.com/my/repo/servers/gateway/models/users/user.go:60.25,62.3 1 1
github.com/my/repo/servers/gateway/models/users/user.go:65.26,67.3 1 1
github.com/my/repo/servers/gateway/models/users/user.go:69.36,71.3 1 1
github.com/my/repo/servers/gateway/models/users/user.go:75.16,77.3 1 0
github.com/my/repo/servers/gateway/models/users/user.go:80.47,82.3 1 1
github.com/my/repo/servers/gateway/models/users/user.go:88.44,91.38 1 1
github.com/my/repo/servers/gateway/models/users/user.go:99.2,111.62 5 1
github.com/my/repo/servers/gateway/models/users/user.go:115.2,115.26 1 1
github.com/my/repo/servers/gateway/models/users/user.go:91.38,93.3 1 1
github.com/my/repo/servers/gateway/models/users/user.go:111.62,113.3 1 0
github.com/my/repo/servers/gateway/models/users/user.go:123.34,126.57 2 1
github.com/my/repo/servers/gateway/models/users/user.go:129.2,129.56 1 1
github.com/my/repo/servers/gateway/models/users/user.go:132.2,132.34 1 1
github.com/my/repo/servers/gateway/models/users/user.go:126.57,128.3 1 1
github.com/my/repo/servers/gateway/models/users/user.go:129.56,131.3 1 1
github.com/my/repo/servers/gateway/models/users/user.go:136.51,140.16 2 1
github.com/my/repo/servers/gateway/models/users/user.go:143.2,144.12 2 1
github.com/my/repo/servers/gateway/models/users/user.go:140.16,142.3 1 0
github.com/my/repo/servers/gateway/models/users/user.go:149.52,154.2 1 1
github.com/my/repo/servers/gateway/models/users/user.go:158.53,161.63 1 1
github.com/my/repo/servers/gateway/models/users/user.go:164.2,164.33 1 1
github.com/my/repo/servers/gateway/models/users/user.go:168.2,168.32 1 1
github.com/my/repo/servers/gateway/models/users/user.go:171.2,171.12 1 1
github.com/my/repo/servers/gateway/models/users/user.go:161.63,163.3 1 1
github.com/my/repo/servers/gateway/models/users/user.go:164.33,166.3 1 1
github.com/my/repo/servers/gateway/models/users/user.go:168.32,170.3 1 1
github.com/my/repo/servers/gateway/models/users/fakeuserstore.go:16.65,17.33 1 0
github.com/my/repo/servers/gateway/models/users/fakeuserstore.go:20.2,20.42 1 0
github.com/my/repo/servers/gateway/models/users/fakeuserstore.go:17.33,19.3 1 0
github.com/my/repo/servers/gateway/models/users/fakeuserstore.go:24.72,25.39 1 0
github.com/my/repo/servers/gateway/models/users/fakeuserstore.go:28.2,28.42 1 0
github.com/my/repo/servers/gateway/models/users/fakeuserstore.go:25.39,27.3 1 0
github.com/my/repo/servers/gateway/models/users/fakeuserstore.go:33.78,34.45 1 0
github.com/my/repo/servers/gateway/models/users/fakeuserstore.go:37.2,37.42 1 0
github.com/my/repo/servers/gateway/models/users/fakeuserstore.go:34.45,36.3 1 0
github.com/my/repo/servers/gateway/models/users/fakeuserstore.go:42.66,43.31 1 0
github.com/my/repo/servers/gateway/models/users/fakeuserstore.go:47.2,48.18 2 0
github.com/my/repo/servers/gateway/models/users/fakeuserstore.go:43.31,46.3 2 0
github.com/my/repo/servers/gateway/models/users/fakeuserstore.go:52.67,54.2 1 0
github.com/my/repo/servers/gateway/models/users/fakeuserstore.go:58.82,59.33 1 0
github.com/my/repo/servers/gateway/models/users/fakeuserstore.go:71.2,71.42 1 0
github.com/my/repo/servers/gateway/models/users/fakeuserstore.go:59.33,62.34 3 0
github.com/my/repo/servers/gateway/models/users/fakeuserstore.go:65.3,65.33 1 0
github.com/my/repo/servers/gateway/models/users/fakeuserstore.go:68.3,69.58 1 0
github.com/my/repo/servers/gateway/models/users/fakeuserstore.go:62.34,64.4 1 0
github.com/my/repo/servers/gateway/models/users/fakeuserstore.go:65.33,67.4 1 0
github.com/my/repo/servers/gateway/models/users/fakeuserstore.go:75.55,76.33 1 0
github.com/my/repo/servers/gateway/models/users/fakeuserstore.go:79.2,79.12 1 0
github.com/my/repo/servers/gateway/models/users/fakeuserstore.go:76.33,78.3 1 0
github.com/my/repo/servers/gateway/models/users/mysqlstore.go:21.56,24.16 3 1
github.com/my/repo/servers/gateway/models/users/mysqlstore.go:27.2,27.18 1 1
github.com/my/repo/servers/gateway/models/users/mysqlstore.go:35.2,35.20 1 1
github.com/my/repo/servers/gateway/models/users/mysqlstore.go:24.16,26.3 1 1
github.com/my/repo/servers/gateway/models/users/mysqlstore.go:27.18,29.17 2 1
github.com/my/repo/servers/gateway/models/users/mysqlstore.go:33.3,33.8 1 1
github.com/my/repo/servers/gateway/models/users/mysqlstore.go:29.17,31.4 1 0
github.com/my/repo/servers/gateway/models/users/mysqlstore.go:40.57,43.20 3 1
github.com/my/repo/servers/gateway/models/users/mysqlstore.go:46.2,47.24 2 1
github.com/my/repo/servers/gateway/models/users/mysqlstore.go:50.2,51.18 2 1
github.com/my/repo/servers/gateway/models/users/mysqlstore.go:43.20,45.3 1 0
github.com/my/repo/servers/gateway/models/users/mysqlstore.go:47.24,49.3 1 0
github.com/my/repo/servers/gateway/models/users/mysqlstore.go:55.58,58.20 3 0
github.com/my/repo/servers/gateway/models/users/mysqlstore.go:62.2,62.12 1 0
github.com/my/repo/servers/gateway/models/users/mysqlstore.go:58.20,60.3 1 0
github.com/my/repo/servers/gateway/models/users/mysqlstore.go:66.63,69.16 3 1
github.com/my/repo/servers/gateway/models/users/mysqlstore.go:72.2,72.18 1 1
github.com/my/repo/servers/gateway/models/users/mysqlstore.go:80.2,80.20 1 1
github.com/my/repo/servers/gateway/models/users/mysqlstore.go:69.16,71.3 1 1
github.com/my/repo/servers/gateway/models/users/mysqlstore.go:72.18,74.17 2 1
github.com/my/repo/servers/gateway/models/users/mysqlstore.go:78.3,78.8 1 1
github.com/my/repo/servers/gateway/models/users/mysqlstore.go:74.17,76.4 1 0
github.com/my/repo/servers/gateway/models/users/mysqlstore.go:84.66,87.16 3 1
github.com/my/repo/servers/gateway/models/users/mysqlstore.go:90.2,90.18 1 1
github.com/my/repo/servers/gateway/models/users/mysqlstore.go:98.2,98.20 1 1
github.com/my/repo/servers/gateway/models/users/mysqlstore.go:87.16,89.3 1 1
github.com/my/repo/servers/gateway/models/users/mysqlstore.go:90.18,92.17 2 1
github.com/my/repo/servers/gateway/models/users/mysqlstore.go:96.3,96.8 1 1
github.com/my/repo/servers/gateway/models/users/mysqlstore.go:92.17,94.4 1 0
github.com/my/repo/servers/gateway/models/users/mysqlstore.go:106.73,108.19 2 1
github.com/my/repo/servers/gateway/models/users/mysqlstore.go:112.2,112.51 1 1
github.com/my/repo/servers/gateway/models/users/mysqlstore.go:116.2,117.79 2 1
github.com/my/repo/servers/gateway/models/users/mysqlstore.go:121.2,121.18 1 1
github.com/my/repo/servers/gateway/models/users/mysqlstore.go:108.19,110.3 1 0
github.com/my/repo/servers/gateway/models/users/mysqlstore.go:112.51,114.3 1 1
github.com/my/repo/servers/gateway/models/users/mysqlstore.go:117.79,119.3 1 0
github.com/my/repo/servers/gateway/models/users/mysqlstore.go:125.46,128.16 3 1
github.com/my/repo/servers/gateway/models/users/mysqlstore.go:132.2,133.16 2 1
github.com/my/repo/servers/gateway/models/users/mysqlstore.go:136.2,136.18 1 1
github.com/my/repo/servers/gateway/models/users/mysqlstore.go:140.2,140.12 1 1
github.com/my/repo/servers/gateway/models/users/mysqlstore.go:128.16,130.3 1 0
github.com/my/repo/servers/gateway/models/users/mysqlstore.go:133.16,135.3 1 0
github.com/my/repo/servers/gateway/models/users/mysqlstore.go:136.18,138.3 1 1
