mode: set
github.com/my/repo/servers/gateway/handlers/summary.go:46.61,58.28 3 1
github.com/my/repo/servers/gateway/handlers/summary.go:66.2,67.16 2 1
github.com/my/repo/servers/gateway/handlers/summary.go:76.2,77.16 2 1
github.com/my/repo/servers/gateway/handlers/summary.go:85.2,94.16 4 1
github.com/my/repo/servers/gateway/handlers/summary.go:58.28,61.3 2 0
github.com/my/repo/servers/gateway/handlers/summary.go:67.16,70.3 2 0
github.com/my/repo/servers/gateway/handlers/summary.go:77.16,80.3 2 0
github.com/my/repo/servers/gateway/handlers/summary.go:94.16,97.3 2 0
github.com/my/repo/servers/gateway/handlers/summary.go:110.55,126.16 2 1
github.com/my/repo/servers/gateway/handlers/summary.go:129.2,129.28 1 1
github.com/my/repo/servers/gateway/handlers/summary.go:133.2,134.44 2 1
github.com/my/repo/servers/gateway/handlers/summary.go:138.2,138.23 1 1
github.com/my/repo/servers/gateway/handlers/summary.go:126.16,128.3 1 0
github.com/my/repo/servers/gateway/handlers/summary.go:129.28,131.3 1 1
github.com/my/repo/servers/gateway/handlers/summary.go:134.44,136.3 1 1
github.com/my/repo/servers/gateway/handlers/summary.go:143.85,152.16 5 1
github.com/my/repo/servers/gateway/handlers/summary.go:156.2,156.6 1 1
github.com/my/repo/servers/gateway/handlers/summary.go:321.2,321.21 1 1
github.com/my/repo/servers/gateway/handlers/summary.go:152.16,154.3 1 0
github.com/my/repo/servers/gateway/handlers/summary.go:156.6,160.35 2 1
github.com/my/repo/servers/gateway/handlers/summary.go:169.3,171.27 2 1
github.com/my/repo/servers/gateway/handlers/summary.go:245.3,245.26 1 1
github.com/my/repo/servers/gateway/handlers/summary.go:256.3,256.27 1 1
github.com/my/repo/servers/gateway/handlers/summary.go:311.3,311.36 1 1
github.com/my/repo/servers/gateway/handlers/summary.go:160.35,162.21 2 1
github.com/my/repo/servers/gateway/handlers/summary.go:165.4,165.72 1 0
github.com/my/repo/servers/gateway/handlers/summary.go:162.21,163.10 1 1
github.com/my/repo/servers/gateway/handlers/summary.go:171.27,172.28 1 1
github.com/my/repo/servers/gateway/handlers/summary.go:172.28,176.37 3 1
github.com/my/repo/servers/gateway/handlers/summary.go:185.5,185.43 1 1
github.com/my/repo/servers/gateway/handlers/summary.go:176.37,177.54 1 1
github.com/my/repo/servers/gateway/handlers/summary.go:177.54,179.7 1 1
github.com/my/repo/servers/gateway/handlers/summary.go:179.12,179.38 1 1
github.com/my/repo/servers/gateway/handlers/summary.go:179.38,181.7 1 1
github.com/my/repo/servers/gateway/handlers/summary.go:185.43,187.6 1 1
github.com/my/repo/servers/gateway/handlers/summary.go:187.11,187.49 1 1
github.com/my/repo/servers/gateway/handlers/summary.go:187.49,189.6 1 1
github.com/my/repo/servers/gateway/handlers/summary.go:189.11,189.51 1 1
github.com/my/repo/servers/gateway/handlers/summary.go:189.51,191.6 1 1
github.com/my/repo/servers/gateway/handlers/summary.go:191.11,191.55 1 1
github.com/my/repo/servers/gateway/handlers/summary.go:191.55,193.6 1 1
github.com/my/repo/servers/gateway/handlers/summary.go:193.11,193.57 1 1
github.com/my/repo/servers/gateway/handlers/summary.go:193.57,195.6 1 1
github.com/my/repo/servers/gateway/handlers/summary.go:195.11,195.83 1 1
github.com/my/repo/servers/gateway/handlers/summary.go:195.83,197.6 1 1
github.com/my/repo/servers/gateway/handlers/summary.go:197.11,197.49 1 1
github.com/my/repo/servers/gateway/handlers/summary.go:197.49,199.6 1 1
github.com/my/repo/servers/gateway/handlers/summary.go:199.11,199.51 1 1
github.com/my/repo/servers/gateway/handlers/summary.go:199.51,202.6 2 1
github.com/my/repo/servers/gateway/handlers/summary.go:202.11,202.51 1 1
github.com/my/repo/servers/gateway/handlers/summary.go:202.51,204.54 1 1
github.com/my/repo/servers/gateway/handlers/summary.go:204.54,207.21 2 1
github.com/my/repo/servers/gateway/handlers/summary.go:211.7,211.29 1 1
github.com/my/repo/servers/gateway/handlers/summary.go:207.21,209.8 1 0
github.com/my/repo/servers/gateway/handlers/summary.go:211.29,214.8 1 1
github.com/my/repo/servers/gateway/handlers/summary.go:214.13,218.8 3 1
github.com/my/repo/servers/gateway/handlers/summary.go:220.12,220.54 1 1
github.com/my/repo/servers/gateway/handlers/summary.go:220.54,223.7 1 1
github.com/my/repo/servers/gateway/handlers/summary.go:223.12,223.48 1 1
github.com/my/repo/servers/gateway/handlers/summary.go:223.48,225.7 1 1
github.com/my/repo/servers/gateway/handlers/summary.go:225.12,225.49 1 1
github.com/my/repo/servers/gateway/handlers/summary.go:225.49,227.21 2 1
github.com/my/repo/servers/gateway/handlers/summary.go:230.7,230.27 1 1
github.com/my/repo/servers/gateway/handlers/summary.go:227.21,229.8 1 0
github.com/my/repo/servers/gateway/handlers/summary.go:231.12,231.50 1 1
github.com/my/repo/servers/gateway/handlers/summary.go:231.50,233.21 2 1
github.com/my/repo/servers/gateway/handlers/summary.go:236.7,236.28 1 1
github.com/my/repo/servers/gateway/handlers/summary.go:233.21,235.8 1 0
github.com/my/repo/servers/gateway/handlers/summary.go:237.12,237.47 1 1
github.com/my/repo/servers/gateway/handlers/summary.go:237.47,239.7 1 1
github.com/my/repo/servers/gateway/handlers/summary.go:245.26,246.64 1 1
github.com/my/repo/servers/gateway/handlers/summary.go:246.64,249.36 3 1
github.com/my/repo/servers/gateway/handlers/summary.go:249.36,251.6 1 1
github.com/my/repo/servers/gateway/handlers/summary.go:256.27,257.28 1 1
github.com/my/repo/servers/gateway/handlers/summary.go:257.28,262.37 5 1
github.com/my/repo/servers/gateway/handlers/summary.go:294.5,294.22 1 1
github.com/my/repo/servers/gateway/handlers/summary.go:262.37,264.27 1 1
github.com/my/repo/servers/gateway/handlers/summary.go:264.27,267.7 1 1
github.com/my/repo/servers/gateway/handlers/summary.go:267.12,267.35 1 1
github.com/my/repo/servers/gateway/handlers/summary.go:267.35,269.21 2 1
github.com/my/repo/servers/gateway/handlers/summary.go:273.7,273.58 1 1
github.com/my/repo/servers/gateway/handlers/summary.go:269.21,271.8 1 0
github.com/my/repo/servers/gateway/handlers/summary.go:275.12,275.36 1 1
github.com/my/repo/servers/gateway/handlers/summary.go:275.36,276.28 1 1
github.com/my/repo/servers/gateway/handlers/summary.go:276.28,279.58 3 1
github.com/my/repo/servers/gateway/handlers/summary.go:279.58,281.23 2 1
github.com/my/repo/servers/gateway/handlers/summary.go:284.9,284.33 1 1
github.com/my/repo/servers/gateway/handlers/summary.go:281.23,283.10 1 0
github.com/my/repo/servers/gateway/handlers/summary.go:289.12,289.35 1 1
github.com/my/repo/servers/gateway/handlers/summary.go:289.35,291.7 1 1
github.com/my/repo/servers/gateway/handlers/summary.go:294.22,296.24 2 1
github.com/my/repo/servers/gateway/handlers/summary.go:300.6,303.32 3 1
github.com/my/repo/servers/gateway/handlers/summary.go:296.24,299.7 2 1
github.com/my/repo/servers/gateway/handlers/summary.go:311.36,312.28 1 1
github.com/my/repo/servers/gateway/handlers/summary.go:312.28,313.27 1 1
github.com/my/repo/servers/gateway/handlers/summary.go:316.5,316.10 1 1
github.com/my/repo/servers/gateway/handlers/summary.go:313.27,315.6 1 1
github.com/my/repo/servers/gateway/handlers/auth.go:24.81,25.24 1 1
github.com/my/repo/servers/gateway/handlers/auth.go:25.24,26.72 1 1
github.com/my/repo/servers/gateway/handlers/auth.go:30.3,32.50 3 1
github.com/my/repo/servers/gateway/handlers/auth.go:36.3,40.17 3 1
github.com/my/repo/servers/gateway/handlers/auth.go:45.3,46.17 2 1
github.com/my/repo/servers/gateway/handlers/auth.go:50.3,54.17 3 1
github.com/my/repo/servers/gateway/handlers/auth.go:60.3,63.47 4 1
github.com/my/repo/servers/gateway/handlers/auth.go:26.72,29.4 2 1
github.com/my/repo/servers/gateway/handlers/auth.go:32.50,35.4 2 0
github.com/my/repo/servers/gateway/handlers/auth.go:40.17,43.4 2 1
github.com/my/repo/servers/gateway/handlers/auth.go:46.17,49.4 2 0
github.com/my/repo/servers/gateway/handlers/auth.go:54.17,57.4 2 0
github.com/my/repo/servers/gateway/handlers/auth.go:63.47,66.4 2 0
github.com/my/repo/servers/gateway/handlers/auth.go:67.8,70.3 2 1
github.com/my/repo/servers/gateway/handlers/auth.go:74.88,80.16 3 1
github.com/my/repo/servers/gateway/handlers/auth.go:85.2,86.21 2 1
github.com/my/repo/servers/gateway/handlers/auth.go:80.16,83.3 2 1
github.com/my/repo/servers/gateway/handlers/auth.go:86.21,91.27 4 1
github.com/my/repo/servers/gateway/handlers/auth.go:102.3,103.44 2 1
github.com/my/repo/servers/gateway/handlers/auth.go:107.3,110.42 4 1
github.com/my/repo/servers/gateway/handlers/auth.go:91.27,93.4 1 1
github.com/my/repo/servers/gateway/handlers/auth.go:93.9,95.18 2 1
github.com/my/repo/servers/gateway/handlers/auth.go:95.18,98.5 2 1
github.com/my/repo/servers/gateway/handlers/auth.go:103.44,106.4 2 1
github.com/my/repo/servers/gateway/handlers/auth.go:110.42,113.4 2 0
github.com/my/repo/servers/gateway/handlers/auth.go:114.8,114.30 1 1
github.com/my/repo/servers/gateway/handlers/auth.go:114.30,120.27 4 1
github.com/my/repo/servers/gateway/handlers/auth.go:136.3,136.72 1 1
github.com/my/repo/servers/gateway/handlers/auth.go:142.3,144.49 3 1
github.com/my/repo/servers/gateway/handlers/auth.go:150.3,153.17 3 1
github.com/my/repo/servers/gateway/handlers/auth.go:157.3,160.42 4 1
github.com/my/repo/servers/gateway/handlers/auth.go:120.27,122.4 1 1
github.com/my/repo/servers/gateway/handlers/auth.go:122.9,124.18 2 1
github.com/my/repo/servers/gateway/handlers/auth.go:129.4,129.38 1 1
github.com/my/repo/servers/gateway/handlers/auth.go:124.18,127.5 2 1
github.com/my/repo/servers/gateway/handlers/auth.go:129.38,132.5 2 1
github.com/my/repo/servers/gateway/handlers/auth.go:136.72,139.4 2 1
github.com/my/repo/servers/gateway/handlers/auth.go:144.49,147.4 2 0
github.com/my/repo/servers/gateway/handlers/auth.go:153.17,156.4 2 0
github.com/my/repo/servers/gateway/handlers/auth.go:160.42,163.4 2 0
github.com/my/repo/servers/gateway/handlers/auth.go:165.8,168.3 2 1
github.com/my/repo/servers/gateway/handlers/auth.go:172.84,173.24 1 1
github.com/my/repo/servers/gateway/handlers/auth.go:173.24,174.72 1 1
github.com/my/repo/servers/gateway/handlers/auth.go:182.3,184.42 3 1
github.com/my/repo/servers/gateway/handlers/auth.go:190.3,194.17 3 1
github.com/my/repo/servers/gateway/handlers/auth.go:201.3,201.58 1 1
github.com/my/repo/servers/gateway/handlers/auth.go:206.3,208.17 3 1
github.com/my/repo/servers/gateway/handlers/auth.go:214.3,221.42 6 1
github.com/my/repo/servers/gateway/handlers/auth.go:174.72,177.4 2 1
github.com/my/repo/servers/gateway/handlers/auth.go:184.42,187.4 2 0
github.com/my/repo/servers/gateway/handlers/auth.go:194.17,199.4 3 1
github.com/my/repo/servers/gateway/handlers/auth.go:201.58,204.4 2 1
github.com/my/repo/servers/gateway/handlers/auth.go:208.17,211.4 2 0
github.com/my/repo/servers/gateway/handlers/auth.go:221.42,224.4 2 0
github.com/my/repo/servers/gateway/handlers/auth.go:226.8,229.3 2 1
github.com/my/repo/servers/gateway/handlers/auth.go:233.36,235.21 2 1
github.com/my/repo/servers/gateway/handlers/auth.go:239.2,239.21 1 1
github.com/my/repo/servers/gateway/handlers/auth.go:235.21,238.3 2 0
github.com/my/repo/servers/gateway/handlers/auth.go:243.91,244.26 1 1
github.com/my/repo/servers/gateway/handlers/auth.go:244.26,249.28 3 1
github.com/my/repo/servers/gateway/handlers/auth.go:254.3,254.85 1 1
github.com/my/repo/servers/gateway/handlers/auth.go:259.3,259.32 1 1
github.com/my/repo/servers/gateway/handlers/auth.go:249.28,252.4 2 1
github.com/my/repo/servers/gateway/handlers/auth.go:254.85,257.4 2 0
github.com/my/repo/servers/gateway/handlers/auth.go:260.8,263.3 2 1
github.com/my/repo/servers/gateway/handlers/cors.go:23.76,31.27 6 1
github.com/my/repo/servers/gateway/handlers/cors.go:36.2,36.30 1 1
github.com/my/repo/servers/gateway/handlers/cors.go:31.27,34.3 2 1
github.com/my/repo/servers/gateway/handlers/cors.go:40.55,42.2 1 1
